Line 17: Class MSComDlg.CommonDialog of control FileDialog was not a loaded control class.
Line 30: Class LVbuttons.LaVolpeButton of control Close was not a loaded control class.
Line 68: Class LVbuttons.LaVolpeButton of control Browse was not a loaded control class.
Line 20: The property name _ExtentX in FileDialog is invalid.
Line 21: The property name _ExtentY in FileDialog is invalid.
Line 22: The property name _Version in FileDialog is invalid.
Line 36: The property name _ExtentX in Close is invalid.
Line 37: The property name _ExtentY in Close is invalid.
Line 38: The property name BTYPE in Close is invalid.
Line 39: The property name TX in Close is invalid.
Line 40: The property name ENAB in Close is invalid.
Line 50: The property name COLTYPE in Close is invalid.
Line 51: The property name BCOL in Close is invalid.
Line 52: The property name FCOL in Close is invalid.
Line 53: The property name FCOLO in Close is invalid.
Line 54: The property name EMBOSSM in Close is invalid.
Line 55: The property name EMBOSSS in Close is invalid.
Line 56: The property name MPTR in Close is invalid.
Line 57: The property name MICON in Close is invalid.
Line 59: The property name IMGLST in Close is invalid.
Line 60: The property name IMGICON in Close is invalid.
Line 61: The property name ICONAlign in Close is invalid.
Line 62: The property name ORIENT in Close is invalid.
Line 63: The property name STYLE in Close is invalid.
Line 64: The property name IconSize in Close is invalid.
Line 65: The property name SHOWF in Close is invalid.
Line 66: The property name BSTYLE in Close is invalid.
Line 74: The property name _ExtentX in Browse is invalid.
Line 75: The property name _ExtentY in Browse is invalid.
Line 76: The property name BTYPE in Browse is invalid.
Line 77: The property name TX in Browse is invalid.
Line 78: The property name ENAB in Browse is invalid.
Line 88: The property name COLTYPE in Browse is invalid.
Line 89: The property name BCOL in Browse is invalid.
Line 90: The property name FCOL in Browse is invalid.
Line 91: The property name FCOLO in Browse is invalid.
Line 92: The property name EMBOSSM in Browse is invalid.
Line 93: The property name EMBOSSS in Browse is invalid.
Line 94: The property name MPTR in Browse is invalid.
Line 95: The property name MICON in Browse is invalid.
Line 97: The property name IMGLST in Browse is invalid.
Line 98: The property name IMGICON in Browse is invalid.
Line 99: The property name ICONAlign in Browse is invalid.
Line 100: The property name ORIENT in Browse is invalid.
Line 101: The property name STYLE in Browse is invalid.
Line 102: The property name IconSize in Browse is invalid.
Line 103: The property name SHOWF in Browse is invalid.
Line 104: The property name BSTYLE in Browse is invalid.
