04/12/08, 15:40:07, 4, 0, D:\Farhan-VB\Dyeing\Reports\Rpt_PartyDelivery.rpt:This field name is not known.
04/12/08, 15:41:02, 4, 0, D:\Farhan-VB\Dyeing\Reports\Rpt_PartyDelivery.rpt:This field name is not known.
04/12/08, 16:46:42, 4, 0, D:\Farhan-VB\Dyeing\Reports\Rpt_PartyDelivery.rpt:Error detected by database DLL.
04/12/08, 16:47:49, 4, 0, D:\Farhan-VB\Dyeing\Reports\Rpt_PartyDelivery.rpt:Error detected by database DLL.
04/12/08, 16:48:37, 4, 0, D:\Farhan-VB\Dyeing\Reports\Rpt_PartyDelivery.rpt:Error detected by database DLL.
04/12/08, 16:48:51, 4, 0, D:\Farhan-VB\Dyeing\Reports\Rpt_PartyDelivery.rpt:Error detected by database DLL.
04/12/08, 16:49:40, 4, 0, D:\Farhan-VB\Dyeing\Reports\Rpt_PartyDelivery.rpt:Error detected by database DLL.
04/12/08, 16:53:55, 4, 0, D:\Farhan-VB\Dyeing\Reports\Rpt_PartyDelivery.rpt:The ) is missing.
04/12/08, 16:54:41, 4, 0, D:\Farhan-VB\Dyeing\Reports\Rpt_PartyDelivery.rpt:The ) is missing.
04/12/08, 16:57:20, 4, 0, D:\Farhan-VB\Dyeing\Reports\Rpt_PartyDelivery.rpt:The ) is missing.
04/12/08, 17:10:33, 4, 0, D:\Farhan-VB\Dyeing\Reports\Rpt_PartyDelivery.rpt:This field name is not known.
04/19/08, 16:13:35, 4, 0, D:\Farhan-VB\Dyeing\Reports\Rpt_ReceiveQuantity.rpt:Error detected by database DLL.
04/19/08, 16:13:50, 4, 0, D:\Farhan-VB\Dyeing\Reports\Rpt_ReceiveQuantity.rpt:Error detected by database DLL.
04/19/08, 16:14:49, 4, 0, D:\Farhan-VB\Dyeing\Reports\Rpt_ReceiveQuantity.rpt:Error detected by database DLL.
04/19/08, 16:15:21, 4, 0, D:\Farhan-VB\Dyeing\Reports\Rpt_ReceiveQuantity.rpt:Error detected by database DLL.
04/19/08, 16:15:32, 4, 0, D:\Farhan-VB\Dyeing\Reports\Rpt_ReceiveQuantity.rpt:Error detected by database DLL.
04/19/08, 16:16:12, 4, 0, D:\Farhan-VB\Dyeing\Reports\Rpt_ReceiveQuantity.rpt:Error detected by database DLL.
04/19/08, 17:05:19, 4, 0, D:\Farhan-VB\Dyeing\Reports\Rpt_Production.rpt:This field name is not known.
04/19/08, 17:07:06, 4, 0, D:\Farhan-VB\Dyeing\Reports\Rpt_Production.rpt:This field name is not known.
04/19/08, 17:09:27, 4, 0, D:\Farhan-VB\Dyeing\Reports\Rpt_Production.rpt:This field name is not known.
04/19/08, 17:10:19, 4, 0, D:\Farhan-VB\Dyeing\Reports\Rpt_Production.rpt:This field name is not known.
04/19/08, 17:10:56, 4, 0, D:\Farhan-VB\Dyeing\Reports\Rpt_Production.rpt:A string is required here.
04/19/08, 17:11:13, 4, 0, D:\Farhan-VB\Dyeing\Reports\Rpt_Production.rpt:A string is required here.
04/19/08, 17:12:00, 4, 0, D:\Farhan-VB\Dyeing\Reports\Rpt_Production.rpt:A string is required here.
04/19/08, 17:19:42, 4, 0, D:\Farhan-VB\Dyeing\Reports\Rpt_Production.rpt:A string is required here.
05/03/08, 14:39:20, 4, 0, D:\Farhan-VB\Dyeing\Reports\Rpt_ReceiveQuantity.rpt:This field name is not known.
06/19/08, 20:04:17, 4, 0, D:\Farhan-VB\Dyeing\Reports\Rpt_Costing.rpt:The remaining text does not appear to be part of the formula.
10-Jul-09, 9:11:14 PM, 4, 0, D:\Farhan-VB\Dyeing\Reports\Rpt_Costing.rpt:The remaining text does not appear to be part of the formula.
07/14/09, 20:19:57, 4, 0, D:\Farhan-VB\Dyeing\Reports\Rpt_Costing.rpt:The remaining text does not appear to be part of the formula.
07/14/09, 20:21:59, 4, 0, D:\Farhan-VB\Dyeing\Reports\Rpt_Costing.rpt:The remaining text does not appear to be part of the formula.
16-Oct-09, 8:46:13 PM, 4, 0, D:\Farhan-VB\Dyeing\Reports\Rpt_AllPending.rpt:The file is in use by another application.
07-Nov-09, 3:00:13 PM, 4, 0, D:\Farhan-VB\Dyeing\Reports\Rpt_ReceiveQuantity.rpt:The file is in use by another application.
07-Nov-09, 3:09:48 PM, 4, 0, D:\Farhan-VB\Dyeing\Reports\Rpt_ReceiveQuantity.rpt:The file is in use by another application.
17-Nov-09, 4:34:02 PM, 4, 0, D:\Farhan-VB\Dyeing\Reports\Rpt_Costing.rpt:The remaining text does not appear to be part of the formula.
11/17/09, 16:34:14, 4, 0, D:\Farhan-VB\Dyeing\Reports\Rpt_Costing.rpt:The remaining text does not appear to be part of the formula.
11/19/09, 13:16:19, 4, 0, D:\Farhan-VB\Dyeing\Reports\Rpt_Costing.rpt:The remaining text does not appear to be part of the formula.
19-Nov-09, 7:27:54 PM, 4, 0, D:\Farhan-VB\Dyeing\Reports\Rpt_PartyDeliveryIT.rpt:The file is in use by another application.
15-Dec-09, 7:38:28 PM, 4, 0, D:\Farhan-VB\Dyeing\Reports\Rpt_ReceiveQuantity.rpt:The file is in use by another application.
22-Dec-09, 12:42:30 PM, 4, 0, D:\Farhan-VB\Dyeing\Reports\Rpt_ReceiveQuantity.rpt:The file is in use by another application.
25-Dec-09, 10:16:38 PM, 4, 0, D:\Farhan-VB\Dyeing\Reports\Rpt_ReceiveQuantity.rpt:The file is in use by another application.
25-Dec-09, 10:17:21 PM, 4, 0, D:\Farhan-VB\Dyeing\Reports\Rpt_ReceiveQuantity.rpt:The file is in use by another application.
30-Jun-10, 5:18:54 PM, 4, 0, D:\Farhan-VB\Dyeing\Reports\Rpt_PartyDelivery.rpt:The file is in use by another application.
26-Jul-10, 3:30:34 PM, 4, 0, D:\Farhan-VB\Dyeing\Reports\Rpt_AllPending.rpt:The file is in use by another application.
08-Jun-11, 9:31:14 PM, 4, 0, D:\Farhan-VB\Dyeing\Reports\Rpt_AllPending.rpt:The file is in use by another application.
11/10/11, 12:06:18, 4, 0, D:\Farhan-VB\Dyeing\Reports\Rpt_Delivery.rpt:Error detected by database DLL.
11/10/11, 12:06:49, 4, 0, D:\Farhan-VB\Dyeing\Reports\Rpt_Delivery.rpt:Error detected by database DLL.
11/10/11, 12:07:12, 4, 0, D:\Farhan-VB\Dyeing\Reports\Rpt_Delivery.rpt:Error detected by database DLL.
14-Jan-12, 4:35:45 PM, 4, 0, D:\Farhan-VB\Dyeing\Reports\Rpt_Production.rpt:The file is in use by another application.
01/28/12, 22:08:57, 4, 0, D:\Farhan-VB\Dyeing\Reports\Rpt_Process.rpt:Error starting print job. Please check your printer or network connection.
03/05/12, 11:48:07, 4, 0, D:\Farhan-VB\Dyeing\Reports\AvailableQty.rpt:Error detected by database DLL.
03/05/12, 12:35:52, 4, 0, D:\Farhan-VB\Dyeing\Reports\vwAvailableQty_Type10.rpt:Error detected by database DLL.
03/05/12, 12:37:48, 4, 0, D:\Farhan-VB\Dyeing\Reports\Rpt_Costing.rpt:Error detected by database DLL.
04/10/12, 18:10:26, 4, 0, D:\Farhan-VB\Dyeing\Reports\Rpt_PartyDelivery.rpt:Error detected by database DLL.
27-Apr-12, 2:34:51 AM, 4, 0, D:\Farhan-VB\Dyeing\Reports\Rpt_PartyDeliveryIT.rpt:The file is in use by another application.
01/28/13, 15:00:06, 4, 0, D:\Farhan-VB\Dyeing\Reports\Rpt_AllPending.rpt:Error detected by database DLL.
01/28/13, 15:00:28, 4, 0, D:\Farhan-VB\Dyeing\Reports\Rpt_AllPending.rpt:Error detected by database DLL.
01/28/13, 15:00:54, 4, 0, D:\Farhan-VB\Dyeing\Reports\Rpt_AllPending.rpt:Error detected by database DLL.
01/28/13, 15:01:21, 4, 0, D:\Farhan-VB\Dyeing\Reports\Rpt_AllPending.rpt:Error detected by database DLL.
01/28/13, 15:01:51, 4, 0, D:\Farhan-VB\Dyeing\Reports\Rpt_AllPending.rpt:Error detected by database DLL.
01/28/13, 15:03:02, 4, 0, D:\Farhan-VB\Dyeing\Reports\Rpt_AllPending.rpt:Error detected by database DLL.
28-Jan-13, 3:03:59 PM, 4, 0, D:\Farhan-VB\Dyeing\Reports\Rpt_AllPending.rpt:Error detected by database DLL.
28-Jan-13, 3:07:03 PM, 4, 0, D:\Farhan-VB\Dyeing\Reports\Rpt_AllPending.rpt:Error detected by database DLL.
28-Jan-13, 3:07:56 PM, 4, 0, D:\Farhan-VB\Dyeing\Reports\Rpt_AllPending.rpt:Error detected by database DLL.
01/28/13, 15:10:07, 4, 0, D:\Farhan-VB\Dyeing\Reports\Rpt_AllPending.rpt:Error detected by database DLL.
01/28/13, 15:11:04, 4, 0, D:\Farhan-VB\Dyeing\Reports\Rpt_AllPending.rpt:Error detected by database DLL.
01/28/13, 15:11:38, 4, 0, D:\Farhan-VB\Dyeing\Reports\Rpt_AllPending.rpt:Error detected by database DLL.
01/28/13, 17:27:42, 4, 0, D:\Farhan-VB\Dyeing\Reports\Rpt_AllPending.rpt:Error detected by database DLL.
01/28/13, 17:28:42, 4, 0, D:\Farhan-VB\Dyeing\Reports\Rpt_AllPending.rpt:Error detected by database DLL.
02/20/13, 14:52:43, 4, 0, D:\Farhan-VB\Dyeing\Reports\Rpt_AllPending.rpt:Error detected by database DLL.
02/20/13, 14:53:17, 4, 0, D:\Farhan-VB\Dyeing\Reports\Rpt_AllPending.rpt:Error detected by database DLL.
02/20/13, 14:53:53, 4, 0, D:\Farhan-VB\Dyeing\Reports\Rpt_AllPending.rpt:Error detected by database DLL.
02/20/13, 14:54:09, 4, 0, D:\Farhan-VB\Dyeing\Reports\Rpt_AllPending.rpt:Error detected by database DLL.
03/07/13, 14:17:34, 4, 0, D:\Farhan-VB\Dyeing\Reports\Rpt_AllPending.rpt:Error detected by database DLL.
03/07/13, 14:18:10, 4, 0, D:\Farhan-VB\Dyeing\Reports\Rpt_AllPending.rpt:Error detected by database DLL.
03/30/13, 15:35:05, 4, 0, D:\Farhan-VB\Dyeing\Reports\Rpt_AllPending.rpt:Error detected by database DLL.
04/02/13, 14:40:19, 4, 0, D:\Farhan-VB\Dyeing\Reports\Rpt_AllPending.rpt:Error detected by database DLL.
04/02/13, 14:40:45, 4, 0, D:\Farhan-VB\Dyeing\Reports\Rpt_AllPending.rpt:Error detected by database DLL.
04/02/13, 14:41:32, 4, 0, D:\Farhan-VB\Dyeing\Reports\Rpt_AllPending.rpt:Error detected by database DLL.
04/12/13, 12:59:41, 4, 0, D:\Farhan-VB\Dyeing\Reports\Rpt_AllPending.rpt:Error detected by database DLL.
05/20/13, 16:15:18, 4, 0, D:\Farhan-VB\Dyeing\Reports\Rpt_AllPending.rpt:Error detected by database DLL.
05/20/13, 16:43:54, 4, 0, D:\Farhan-VB\Dyeing\Reports\Rpt_AllPending.rpt:Error detected by database DLL.
05/21/13, 17:22:28, 4, 0, D:\Farhan-VB\Dyeing\Reports\Rpt_AllPending.rpt:Error detected by database DLL.
29-May-13, 2:24:52 PM, 4, 0, D:\Farhan-VB\Dyeing\Reports\Rpt_Costing.rpt:The file is in use by another application.
10/01/13, 14:55:07, 4, 0, D:\Farhan-VB\Dyeing\Reports\Rpt_Delivery.rpt:Error detected by database DLL.
02/28/14, 19:14:43, 4, 0, D:\Farhan-VB\Dyeing\Reports\Rpt_PartyDelivery.rpt:Error detected by database DLL.
03/29/14, 14:12:57, 4, 0, D:\Farhan-VB\Dyeing\Reports\Rpt_Process.rpt:A number, currency amount, boolean, date, time, date-time, or string is expected here.
05-Aug-14, 1:02:44 PM, 4, 0, D:\Farhan-VB\Dyeing\Reports\Rpt_ReceiveQuantity.rpt:The file is in use by another application.
19-Jun-20, 4:35:44 PM, 4, 0, D:\Farhan-VB\Dyeing\Reports\Rpt_Process.rpt:A number, currency amount, boolean, date, time, date-time, or string is expected here.
09/14/20, 19:41:32, 4, 0, :Too many open files.
04/30/21, 11:19:21, 4, 0, D:\Farhan-VB\Dyeing\Reports\Rpt_Costing.rpt:A number, currency amount, boolean, date, time, date-time, or string is expected here.
04/30/21, 11:20:37, 4, 0, D:\Farhan-VB\Dyeing\Reports\Rpt_Costing.rpt:A number, currency amount, boolean, date, time, date-time, or string is expected here.
05/28/21, 16:11:07, 4, 0, D:\Farhan-VB\Dyeing\Reports\Rpt_Delivery.rpt:The remaining text does not appear to be part of the formula.
05/28/21, 16:45:33, 4, 0, D:\Farhan-VB\Dyeing\Reports\Rpt_Costing.rpt:A number, currency amount, boolean, date, time, date-time, or string is expected here.
05/28/21, 16:47:36, 4, 0, D:\Farhan-VB\Dyeing\Reports\Rpt_Costing.rpt:A number, currency amount, boolean, date, time, date-time, or string is expected here.
06/04/21, 11:04:52, 4, 0, D:\Farhan-VB\Dyeing\Reports\Rpt_Costing.rpt:A number, currency amount, boolean, date, time, date-time, or string is expected here.
07/27/21, 17:35:10, 4, 0, D:\Farhan-VB\Dyeing\Reports\Rpt_Delivery.rpt:The remaining text does not appear to be part of the formula.
07/27/21, 17:35:39, 4, 0, D:\Farhan-VB\Dyeing\Reports\Rpt_Delivery.rpt:The remaining text does not appear to be part of the formula.
03-Aug-21, 1:10:08 PM, 4, 0, D:\Farhan-VB\Dyeing\Reports\Rpt_Delivery.rpt:The remaining text does not appear to be part of the formula.
08/03/21, 13:10:31, 4, 0, D:\Farhan-VB\Dyeing\Reports\Rpt_Delivery.rpt:The remaining text does not appear to be part of the formula.
08/03/21, 13:11:54, 4, 0, D:\Farhan-VB\Dyeing\Reports\Rpt_Delivery.rpt:The remaining text does not appear to be part of the formula.
03/17/23, 18:13:52, 4, 0, D:\Farhan-VB\Dyeing\Reports\Rpt_Costing.rpt:The remaining text does not appear to be part of the formula.
05/10/23, 13:59:29, 4, 0, D:\Farhan-VB\Dyeing\Reports\Rpt_Costing.rpt:A number, currency amount, boolean, date, time, date-time, or string is expected here.
03/15/24, 15:21:11, 4, 0, D:\Farhan-VB\Dyeing\Reports\Rpt_Costing.rpt:A number, currency amount, boolean, date, time, date-time, or string is expected here.
10/14/24, 11:46:24, 4, 0, D:\Farhan-VB\Dyeing\Reports\Rpt_AllPending.rpt:Error detected by database DLL.
04/19/25, 13:24:08, 4, 0, D:\Farhan-VB\Dyeing\Reports\Rpt_Costing.rpt:A number, currency amount, boolean, date, time, date-time, or string is expected here.
11/08/25, 17:57:40, 4, 0, D:\Farhan-VB\Dyeing\Reports\Rpt_Costing.rpt:A number, currency amount, boolean, date, time, date-time, or string is expected here.
